<?xml version="1.0" encoding="UTF-8"?>
<!-- Generated by org.testng.reporters.JUnitXMLReporter -->
<testsuite ignored="0" hostname="SeenaReddy" failures="0" tests="4" name="MyTestResults" time="23.942" errors="0" timestamp="2026-05-18T20:14:39 MDT">
  <testcase classname="com.testscenarios.AlertDemo" name="f" time="10.406"/>
  <testcase classname="com.testscenarios.Annaotations_demo2" name="a" time="0.002"/>
  <testcase classname="com.testscenarios.Annaotations_demo2" name="f" time="0.002"/>
  <testcase classname="com.testscenarios.FlightBooking" name="testnew" time="13.447"/>
</testsuite> <!-- MyTestResults -->
