<?xml version="1.0" encoding="UTF-8"?>
<testng-results ignored="0" total="2" passed="2" failed="0" skipped="0">
  <reporter-output>
  </reporter-output>
  <suite started-at="2026-05-19T20:58:54 MDT" name="Default suite" finished-at="2026-05-19T20:58:59 MDT" duration-ms="5160">
    <groups>
    </groups>
    <test started-at="2026-05-19T20:58:54 MDT" name="Default test" finished-at="2026-05-19T20:58:59 MDT" duration-ms="5160">
      <class name="com.h2ojewellery_testscenarios.TS_02_Login_Logout">
        <test-method is-config="true" signature="beforeClass(java.lang.String)[pri:0, instance:com.h2ojewellery_testscenarios.TS_02_Login_Logout@79d8407f]" started-at="2026-05-19T20:58:54 MDT" name="beforeClass" finished-at="2026-05-19T20:58:56 MDT" duration-ms="2077" status="PASS">
          <params>
            <param index="0">
              <value>
                <![CDATA[Chrome]]>
              </value>
            </param>
          </params>
          <reporter-output>
          </reporter-output>
        </test-method> <!-- beforeClass -->
        <test-method signature="tc_009()[pri:0, instance:com.h2ojewellery_testscenarios.TS_02_Login_Logout@79d8407f]" started-at="2026-05-19T20:58:56 MDT" name="tc_009" description="Verify H2o login page will display  all fields" finished-at="2026-05-19T20:58:58 MDT" duration-ms="2197" status="PASS">
          <reporter-output>
          </reporter-output>
        </test-method> <!-- tc_009 -->
        <test-method signature="tc_010()[pri:0, instance:com.h2ojewellery_testscenarios.TS_02_Login_Logout@79d8407f]" started-at="2026-05-19T20:58:58 MDT" name="tc_010" finished-at="2026-05-19T20:58:58 MDT" duration-ms="367" status="PASS">
          <reporter-output>
          </reporter-output>
        </test-method> <!-- tc_010 -->
        <test-method is-config="true" signature="closeBrowser()[pri:0, instance:com.h2ojewellery_testscenarios.TS_02_Login_Logout@79d8407f]" started-at="2026-05-19T20:58:58 MDT" name="closeBrowser" finished-at="2026-05-19T20:58:59 MDT" duration-ms="444" status="PASS">
          <reporter-output>
          </reporter-output>
        </test-method> <!-- closeBrowser -->
      </class> <!-- com.h2ojewellery_testscenarios.TS_02_Login_Logout -->
    </test> <!-- Default test -->
  </suite> <!-- Default suite -->
</testng-results>
