<?xml version="1.0" encoding="UTF-8"?>
<!-- Generated by org.testng.reporters.JUnitReportReporter -->
<testsuite hostname="SeenaReddy" failures="0" tests="2" name="com.testscenarios.Annaotations_demo2" time="0.002" errors="0" timestamp="2026-06-10T20:10:31 MDT" skipped="0">
  <testcase classname="com.testscenarios.Annaotations_demo2" name="a" time="0.001"/>
  <testcase classname="com.testscenarios.Annaotations_demo2" name="f" time="0.001"/>
</testsuite> <!-- com.testscenarios.Annaotations_demo2 -->
