<?xml version="1.0" encoding="UTF-8"?>
<!-- Generated by org.testng.reporters.JUnitReportReporter -->
<testsuite hostname="SeenaReddy" failures="0" tests="3" name="com.testscenarios.H2oLogin_DataProviderDemo" time="8.753" errors="0" timestamp="2026-05-14T20:45:31 MDT" skipped="0">
  <testcase classname="com.testscenarios.H2oLogin_DataProviderDemo" name="f" time="2.735"/>
  <testcase classname="com.testscenarios.H2oLogin_DataProviderDemo" name="f" time="3.425"/>
  <testcase classname="com.testscenarios.H2oLogin_DataProviderDemo" name="f" time="2.593"/>
</testsuite> <!-- com.testscenarios.H2oLogin_DataProviderDemo -->
