<?xml version="1.0" encoding="UTF-8"?>
<!-- Generated by org.testng.reporters.JUnitReportReporter -->
<testsuite hostname="SeenaReddy" failures="0" tests="3" name="com.h2ojewellery_testscenarios.TS_01_Registration_Harika" time="20.118" errors="0" timestamp="2026-05-11T20:24:12 MDT" skipped="0">
  <testcase classname="com.h2ojewellery_testscenarios.TS_01_Registration_Harika" name="tc_007" time="5.428"/>
  <testcase classname="com.h2ojewellery_testscenarios.TS_01_Registration_Harika" name="tc_008" time="5.072"/>
  <testcase classname="com.h2ojewellery_testscenarios.TS_01_Registration_Harika" name="tc_006" time="9.618"/>
</testsuite> <!-- com.h2ojewellery_testscenarios.TS_01_Registration_Harika -->
