<?xml version="1.0" encoding="UTF-8"?>
<!-- Generated by org.testng.reporters.JUnitReportReporter -->
<testsuite hostname="SeenaReddy" failures="0" tests="3" name="com.testscenarios.Annaotations_demo3" time="0.025" errors="0" timestamp="2026-05-14T20:36:12 MDT" skipped="0">
  <testcase classname="com.testscenarios.Annaotations_demo3" name="a" time="0.019"/>
  <testcase classname="com.testscenarios.Annaotations_demo3" name="b" time="0.003"/>
  <testcase classname="com.testscenarios.Annaotations_demo3" name="f" time="0.003"/>
</testsuite> <!-- com.testscenarios.Annaotations_demo3 -->
