<?xml version="1.0" encoding="UTF-8"?>
<!-- Generated by org.testng.reporters.JUnitReportReporter -->
<testsuite hostname="SeenaReddy" failures="0" tests="3" name="com.testscenarios.CrossBrowserTestingDemo" time="9.514" errors="0" timestamp="2026-05-19T20:28:05 MDT" skipped="0">
  <testcase classname="com.testscenarios.CrossBrowserTestingDemo" name="login" time="2.812"/>
  <testcase classname="com.testscenarios.CrossBrowserTestingDemo" name="login" time="2.657"/>
  <testcase classname="com.testscenarios.CrossBrowserTestingDemo" name="login" time="4.045"/>
</testsuite> <!-- com.testscenarios.CrossBrowserTestingDemo -->
