<?xml version="1.0" encoding="UTF-8"?>
<!-- Generated by org.testng.reporters.JUnitReportReporter -->
<testsuite hostname="SeenaReddy" failures="0" tests="3" name="com.testscenarios.Annaotations_demo1" time="0.032" errors="0" timestamp="2026-05-14T20:15:53 MDT" skipped="0">
  <testcase classname="com.testscenarios.Annaotations_demo1" name="c" time="0.021"/>
  <testcase classname="com.testscenarios.Annaotations_demo1" name="b" time="0.006"/>
  <testcase classname="com.testscenarios.Annaotations_demo1" name="a" time="0.005"/>
</testsuite> <!-- com.testscenarios.Annaotations_demo1 -->
