<?xml version="1.0" encoding="UTF-8"?>
<!-- Generated by org.testng.reporters.JUnitReportReporter -->
<testsuite hostname="SeenaReddy" failures="0" tests="2" name="com.h2ojewellery_testscenarios.TS_02_Login_Logout" time="2.439" errors="0" timestamp="2026-06-10T20:10:31 MDT" skipped="0">
  <testcase classname="com.h2ojewellery_testscenarios.TS_02_Login_Logout" name="tc_009" time="1.977"/>
  <testcase classname="com.h2ojewellery_testscenarios.TS_02_Login_Logout" name="tc_010" time="0.462"/>
</testsuite> <!-- com.h2ojewellery_testscenarios.TS_02_Login_Logout -->
