<?xml version="1.0" encoding="UTF-8"?>
<!-- Generated by org.testng.reporters.JUnitReportReporter -->
<testsuite hostname="SeenaReddy" failures="0" tests="2" name="com.h2ojewellery_testscenarios.TS_02_Login_Logout" time="2.564" errors="0" timestamp="2026-05-19T20:58:59 MDT" skipped="0">
  <testcase classname="com.h2ojewellery_testscenarios.TS_02_Login_Logout" name="tc_010" time="0.367"/>
  <testcase classname="com.h2ojewellery_testscenarios.TS_02_Login_Logout" name="tc_009" time="2.197"/>
</testsuite> <!-- com.h2ojewellery_testscenarios.TS_02_Login_Logout -->
