<?xml version="1.0" encoding="UTF-8"?>
<!-- Generated by org.testng.reporters.JUnitReportReporter -->
<testsuite hostname="SeenaReddy" failures="0" tests="3" name="com.h2ojewellery_testscenarios.TS_01_Registration" time="10.616" errors="0" timestamp="2026-05-08T21:13:09 MDT" skipped="0">
  <testcase classname="com.h2ojewellery_testscenarios.TS_01_Registration" name="tc_003" time="3.204"/>
  <testcase classname="com.h2ojewellery_testscenarios.TS_01_Registration" name="tc_001" time="5.274"/>
  <testcase classname="com.h2ojewellery_testscenarios.TS_01_Registration" name="tc_002" time="2.138"/>
</testsuite> <!-- com.h2ojewellery_testscenarios.TS_01_Registration -->
